<?xml version="1.0" encoding="UTF-8"?>
<!-- Generated by org.testng.reporters.JUnitReportReporter -->
<testsuite hostname="DESKTOP-DSCC08C" failures="0" tests="2" name="com.crm.qa.testcases.FriendsPageTest" time="24.355" errors="0" timestamp="28 Jun 2023 16:21:21 GMT" skipped="0">
  <testcase classname="com.crm.qa.testcases.FriendsPageTest" name="verifyFriendRequestsLabelTest" time="13.278"/>
  <testcase classname="com.crm.qa.testcases.FriendsPageTest" name="clickFriendRequestsTabTest" time="11.077"/>
</testsuite> <!-- com.crm.qa.testcases.FriendsPageTest -->
