<?xml version="1.0" encoding="UTF-8"?>
<!-- Generated by org.testng.reporters.JUnitReportReporter -->
<testsuite hostname="DESKTOP-DSCC08C" failures="0" tests="2" name="com.crm.qa.testcases.LoginPageTest" time="16.085" errors="0" timestamp="28 Jun 2023 16:21:21 GMT" skipped="0">
  <testcase classname="com.crm.qa.testcases.LoginPageTest" name="loginPageTitleTest" time="6.366"/>
  <testcase classname="com.crm.qa.testcases.LoginPageTest" name="loginTest" time="9.719"/>
</testsuite> <!-- com.crm.qa.testcases.LoginPageTest -->
