<?xml version="1.0" encoding="UTF-8"?>
<!-- Generated by org.testng.reporters.JUnitReportReporter -->
<testsuite hostname="DESKTOP-DSCC08C" failures="0" tests="3" name="com.crm.qa.testcases.HomePageTest" time="29.831" errors="0" timestamp="28 Jun 2023 16:21:21 GMT" skipped="0">
  <testcase classname="com.crm.qa.testcases.HomePageTest" name="verifyHomePageTitleTest" time="10.501"/>
  <testcase classname="com.crm.qa.testcases.HomePageTest" name="verifyCorrectUsernameTest" time="9.163"/>
  <testcase classname="com.crm.qa.testcases.HomePageTest" name="verifyClickOnFriendsLinkTest" time="10.167"/>
</testsuite> <!-- com.crm.qa.testcases.HomePageTest -->
